Arguments: 
  C:\Program Files\nodejs\node.exe C:\Program Files (x86)\Yarn\bin\yarn.js start

PATH: 
  C:\Users\Porjanda\Downloads\weby\dovoz odvoz\webpack_app\node_modules\.bin;C:\Python39\Scripts\;C:\Python39\;C:\Program Files (x86)\Intel\iCLS Client\;C:\ProgramData\Oracle\Java\javapath;C:\Program Files\Intel\iCLS Client\;C:\WINDOWS\system32;C:\WINDOWS;C:\WINDOWS\System32\Wbem;C:\WINDOWS\System32\WindowsPowerShell\v1.0\;C:\Program Files (x86)\QuickTime\QTSystem\;C:\Program Files (x86)\Intel\Intel(R) Management Engine Components\DAL;C:\Program Files\Intel\Intel(R) Management Engine Components\DAL;C:\Program Files (x86)\Intel\Intel(R) Management Engine Components\IPT;C:\Program Files\Intel\Intel(R) Management Engine Components\IPT;C:\Program Files\Intel\WiFi\bin\;C:\Program Files\Common Files\Intel\WirelessCommon\;C:\WINDOWS\System32\OpenSSH\;C:\Program Files\PuTTY\;C:\Program Files (x86)\Subversion\bin;C:\Program Files\Git\cmd;C:\PHP;C:\ProgramData\ComposerSetup\bin;C:\Program Files\nodejs\;C:\ProgramData\chocolatey\bin;C:\Program Files (x86)\Yarn\bin\;C:\Program Files\Docker\Docker\resources\bin;C:\ProgramData\DockerDesktop\version-bin;C:\Program Files (x86)\EAC MW klient\;C:\Users\Porjanda\AppData\Local\Microsoft\WindowsApps;C:\Program Files\Intel\WiFi\bin\;C:\Program Files\Common Files\Intel\WirelessCommon\;;C:\Program Files\JetBrains\WebStorm 2020.2.2\bin;;C:\Users\Porjanda\AppData\Roaming\Composer\vendor\bin;C:\Users\Porjanda\AppData\Roaming\npm;C:\Users\Porjanda\AppData\Local\Yarn\bin

Yarn version: 
  1.22.5

Node version: 
  12.19.0

Platform: 
  win32 x64

Trace: 
  SyntaxError: C:\Users\Porjanda\Downloads\weby\dovoz odvoz\webpack_app\package.json: Unexpected token } in JSON at position 260
      at JSON.parse (<anonymous>)
      at C:\Program Files (x86)\Yarn\lib\cli.js:1625:59
      at Generator.next (<anonymous>)
      at step (C:\Program Files (x86)\Yarn\lib\cli.js:310:30)
      at C:\Program Files (x86)\Yarn\lib\cli.js:321:13

npm manifest: 
  {
    "name": "webpack_app",
    "version": "1.0.0",
    "description": "",
    "main": "app.js",
    "scripts": {
      "start": "webpack-dev-server --config webpack.dev.js --open",
      "build": "webpack --config webpack.prod.js",
      "build:watch": "webpack --watch",
    },
    "author": "",
    "license": "ISC",
    "devDependencies": {
      "@babel/core": "^7.12.10",
      "@babel/preset-env": "^7.12.11",
      "babel-loader": "^8.2.2",
      "css-loader": "^5.0.1",
      "html-webpack-plugin": "^4.5.1",
      "sass": "^1.32.5",
      "sass-loader": "^10.1.1",
      "style-loader": "^2.0.0",
      "webpack": "^5.19.0",
      "webpack-cli": "^4.4.0",
      "webpack-dev-server": "^3.11.2",
      "webpack-merge": "^5.7.3"
    }
  }

yarn manifest: 
  No manifest

Lockfile: 
  No lockfile
